  [1m[35m (358.5ms)[0m  [1m[35mCREATE DATABASE "say_hi__api_development" ENCODING = 'unicode'[0m
  [1m[35m (237.4ms)[0m  [1m[35mCREATE DATABASE "say_hi__api_test" ENCODING = 'unicode'[0m
  [1m[35m (56.9ms)[0m  [1m[35mCREATE TABLE "schema_migrations" ("version" character varying NOT NULL PRIMARY KEY)[0m
  [1m[35m (8.4ms)[0m  [1m[35mCREATE TABLE "ar_internal_metadata" ("key" character varying NOT NULL PRIMARY KEY, "value" character varying, "created_at" timestamp(6) NOT NULL, "updated_at" timestamp(6) NOT NULL)[0m
  [1m[35m (0.9ms)[0m  [1m[34mSELECT pg_try_advisory_lock(5721663805881535575)[0m
  [1m[35m (1.7ms)[0m  [1m[34mSELECT "schema_migrations"."version" FROM "schema_migrations" ORDER BY "schema_migrations"."version" ASC[0m
Migrating to CreateSitters (20201219162846)
  [1m[35m (0.2ms)[0m  [1m[35mBEGIN[0m
  [1m[35m (12.2ms)[0m  [1m[35mCREATE TABLE "sitters" ("id" bigserial primary key, "name" character varying, "location" character varying, "animals" character varying, "walker" character varying, "host" character varying, "travel" character varying, "grooming" character varying, "created_at" timestamp(6) NOT NULL, "updated_at" timestamp(6) NOT NULL)[0m
  [1m[36mprimary::SchemaMigration Create (5.7ms)[0m  [1m[32mINSERT INTO "schema_migrations" ("version") VALUES ($1) RETURNING "version"[0m  [["version", "20201219162846"]]
  [1m[35m (1.1ms)[0m  [1m[35mCOMMIT[0m
  [1m[36mActiveRecord::InternalMetadata Load (0.7ms)[0m  [1m[34mSELECT "ar_internal_metadata".* FROM "ar_internal_metadata" WHERE "ar_internal_metadata"."key" = $1 LIMIT $2[0m  [["key", "environment"], ["LIMIT", 1]]
  [1m[35m (0.1ms)[0m  [1m[35mBEGIN[0m
  [1m[36mActiveRecord::InternalMetadata Create (2.1ms)[0m  [1m[32mINSERT INTO "ar_internal_metadata" ("key", "value", "created_at", "updated_at") VALUES ($1, $2, $3, $4) RETURNING "key"[0m  [["key", "environment"], ["value", "development"], ["created_at", "2020-12-19 16:31:08.605242"], ["updated_at", "2020-12-19 16:31:08.605242"]]
  [1m[35m (0.3ms)[0m  [1m[35mCOMMIT[0m
  [1m[35m (0.2ms)[0m  [1m[34mSELECT pg_advisory_unlock(5721663805881535575)[0m
  [1m[35m (0.8ms)[0m  [1m[34mSELECT "schema_migrations"."version" FROM "schema_migrations" ORDER BY "schema_migrations"."version" ASC[0m
  [1m[35m (0.7ms)[0m  [1m[34mSELECT "schema_migrations"."version" FROM "schema_migrations" ORDER BY "schema_migrations"."version" ASC[0m
  [1m[35m (0.1ms)[0m  [1m[35mBEGIN[0m
  [1m[36mSitter Create (2.1ms)[0m  [1m[32mINSERT INTO "sitters" ("name", "animals", "walker", "host", "travel", "grooming", "created_at", "updated_at") VALUES ($1, $2, $3, $4, $5, $6, $7, $8) RETURNING "id"[0m  [["name", "Kevin"], ["animals", "dogs, cats, reptiles, rabbits"], ["walker", "yes"], ["host", "yes"], ["travel", "yes"], ["grooming", "no"], ["created_at", "2020-12-19 16:36:57.492842"], ["updated_at", "2020-12-19 16:36:57.492842"]]
  [1m[35m (0.4ms)[0m  [1m[35mCOMMIT[0m
  [1m[35m (0.1ms)[0m  [1m[35mBEGIN[0m
  [1m[36mSitter Create (0.3ms)[0m  [1m[32mINSERT INTO "sitters" ("name", "animals", "walker", "host", "travel", "grooming", "created_at", "updated_at") VALUES ($1, $2, $3, $4, $5, $6, $7, $8) RETURNING "id"[0m  [["name", "Gina"], ["animals", "dogs and cats only"], ["walker", "yes"], ["host", "yes"], ["travel", "yes"], ["grooming", "yes"], ["created_at", "2020-12-19 16:36:57.512331"], ["updated_at", "2020-12-19 16:36:57.512331"]]
  [1m[35m (0.3ms)[0m  [1m[35mCOMMIT[0m
  [1m[35m (0.1ms)[0m  [1m[35mBEGIN[0m
  [1m[36mSitter Create (0.3ms)[0m  [1m[32mINSERT INTO "sitters" ("name", "animals", "walker", "host", "travel", "grooming", "created_at", "updated_at") VALUES ($1, $2, $3, $4, $5, $6, $7, $8) RETURNING "id"[0m  [["name", "Reynolds"], ["animals", "dogs, cats, reptiles, rodents, farm animals"], ["walker", "no"], ["host", "no"], ["travel", "yes"], ["grooming", "no"], ["created_at", "2020-12-19 16:36:57.515424"], ["updated_at", "2020-12-19 16:36:57.515424"]]
  [1m[35m (0.2ms)[0m  [1m[35mCOMMIT[0m
  [1m[35m (0.1ms)[0m  [1m[35mBEGIN[0m
  [1m[36mSitter Create (0.3ms)[0m  [1m[32mINSERT INTO "sitters" ("name", "animals", "walker", "host", "travel", "grooming", "created_at", "updated_at") VALUES ($1, $2, $3, $4, $5, $6, $7, $8) RETURNING "id"[0m  [["name", "Samantha"], ["animals", "dogs, cats, rabbits"], ["walker", "yes"], ["host", "yes"], ["travel", "yes"], ["grooming", "no"], ["created_at", "2020-12-19 16:36:57.518218"], ["updated_at", "2020-12-19 16:36:57.518218"]]
  [1m[35m (0.3ms)[0m  [1m[35mCOMMIT[0m
  [1m[35m (0.1ms)[0m  [1m[35mBEGIN[0m
  [1m[36mSitter Create (0.3ms)[0m  [1m[32mINSERT INTO "sitters" ("name", "animals", "walker", "host", "travel", "grooming", "created_at", "updated_at") VALUES ($1, $2, $3, $4, $5, $6, $7, $8) RETURNING "id"[0m  [["name", "David"], ["animals", "dogs, cats, pigs"], ["walker", "yes"], ["host", "yes"], ["travel", "yes"], ["grooming", "yes"], ["created_at", "2020-12-19 16:36:57.521062"], ["updated_at", "2020-12-19 16:36:57.521062"]]
  [1m[35m (0.2ms)[0m  [1m[35mCOMMIT[0m
  [1m[35m (0.1ms)[0m  [1m[35mBEGIN[0m
  [1m[36mSitter Create (0.2ms)[0m  [1m[32mINSERT INTO "sitters" ("name", "animals", "walker", "host", "travel", "grooming", "created_at", "updated_at") VALUES ($1, $2, $3, $4, $5, $6, $7, $8) RETURNING "id"[0m  [["name", "Layla"], ["animals", "dogs, cats"], ["walker", "yes"], ["host", "no"], ["travel", "yes"], ["grooming", "no"], ["created_at", "2020-12-19 16:36:57.523789"], ["updated_at", "2020-12-19 16:36:57.523789"]]
  [1m[35m (0.3ms)[0m  [1m[35mCOMMIT[0m
